<?xml version="1.0" encoding="utf-8"?><testsuites name="pytest tests"><testsuite name="pytest" errors="0" failures="0" skipped="0" tests="20" time="3.071" timestamp="2026-04-28T17:23:23.642368+00:00" hostname="agent-env-37167aa7-d960-421d-9da1-b0017a11b8fd"><testcase classname="backend.tests.test_clone_verification.TestAdminAuth" name="test_admin_login" time="0.154" /><testcase classname="backend.tests.test_clone_verification.TestAdminAuth" name="test_admin_login_bad_password" time="0.069" /><testcase classname="backend.tests.test_clone_verification.TestUserAuth" name="test_register_creates_pending_user" time="0.392" /><testcase classname="backend.tests.test_clone_verification.TestUserAuth" name="test_login_pending_user" time="0.345" /><testcase classname="backend.tests.test_clone_verification.TestUserAuth" name="test_seed_test_user_login" time="0.302" /><testcase classname="backend.tests.test_clone_verification.TestAdminEndpoints" name="test_list_users" time="0.069" /><testcase classname="backend.tests.test_clone_verification.TestAdminEndpoints" name="test_users_stats" time="0.081" /><testcase classname="backend.tests.test_clone_verification.TestAdminEndpoints" name="test_system_check" time="0.163" /><testcase classname="backend.tests.test_clone_verification.TestAdminEndpoints" name="test_admin_stats" time="0.067" /><testcase classname="backend.tests.test_clone_verification.TestApprovalFlow" name="test_admin_approves_user_and_enables_features" time="0.067" /><testcase classname="backend.tests.test_clone_verification.TestApprovalFlow" name="test_user_can_login_after_approval" time="0.294" /><testcase classname="backend.tests.test_clone_verification.TestApprovedUserEndpoints" name="test_auth_me" time="0.358" /><testcase classname="backend.tests.test_clone_verification.TestApprovedUserEndpoints" name="test_engine_status" time="0.066" /><testcase classname="backend.tests.test_clone_verification.TestApprovedUserEndpoints" name="test_list_links" time="0.067" /><testcase classname="backend.tests.test_clone_verification.TestApprovedUserEndpoints" name="test_list_clicks" time="0.067" /><testcase classname="backend.tests.test_clone_verification.TestApprovedUserEndpoints" name="test_list_conversions" time="0.065" /><testcase classname="backend.tests.test_clone_verification.TestApprovedUserEndpoints" name="test_list_proxies" time="0.064" /><testcase classname="backend.tests.test_clone_verification.TestApprovedUserEndpoints" name="test_list_subusers" time="0.067" /><testcase classname="backend.tests.test_clone_verification.TestApprovedUserEndpoints" name="test_list_rut_jobs" time="0.064" /><testcase classname="backend.tests.test_clone_verification" name="test_zz_cleanup" time="0.134" /></testsuite></testsuites>