<?xml version="1.0" encoding="utf-8"?><testsuites name="pytest tests"><testsuite name="pytest" errors="0" failures="0" skipped="0" tests="9" time="2.775" timestamp="2026-05-03T08:03:42.947157+00:00" hostname="agent-env-a0ba4ddd-51c6-4c85-a35f-6975c78650ca"><testcase classname="backend.tests.test_uploads_depleted_contract" name="test_proxy_upload_response_schema" time="0.876" /><testcase classname="backend.tests.test_uploads_depleted_contract" name="test_user_agents_upload_response_schema" time="0.026" /><testcase classname="backend.tests.test_uploads_depleted_contract" name="test_data_file_multipart_upload_schema" time="0.643" /><testcase classname="backend.tests.test_uploads_depleted_contract" name="test_automation_json_response_and_immune_to_consume" time="0.861" /><testcase classname="backend.tests.test_uploads_depleted_contract" name="test_list_uploads_exposes_new_fields" time="0.027" /><testcase classname="backend.tests.test_uploads_depleted_contract" name="test_consume_proxies_is_idempotent" time="0.079" /><testcase classname="backend.tests.test_uploads_depleted_contract" name="test_data_file_full_consume_deletes_file_keeps_db" time="0.077" /><testcase classname="backend.tests.test_uploads_depleted_contract" name="test_legacy_doc_without_original_item_count" time="0.028" /><testcase classname="backend.tests.test_uploads_depleted_contract" name="test_depleted_at_iso_timestamp" time="0.053" /></testsuite></testsuites>