<?xml version="1.0" encoding="utf-8"?><testsuites name="pytest tests"><testsuite name="pytest" errors="0" failures="0" skipped="0" tests="22" time="15.214" timestamp="2026-05-05T18:37:37.591534+00:00" hostname="agent-env-c9ac015e-d58d-4fef-b077-cb7227de2a33"><testcase classname="backend.tests.test_iteration6_rut_retry_and_preparing.TestSubmitAndPreparing" name="test_submit_phase1_fast" time="2.235" /><testcase classname="backend.tests.test_iteration6_rut_retry_and_preparing.TestSubmitAndPreparing" name="test_status_flips_to_preparing" time="0.955" /><testcase classname="backend.tests.test_iteration6_rut_retry_and_preparing.TestSubmitAndPreparing" name="test_prep_step_field_in_db" time="2.430" /><testcase classname="backend.tests.test_iteration6_rut_retry_and_preparing.TestRetryBranches" name="test_retry_missing_returns_404" time="0.157" /><testcase classname="backend.tests.test_iteration6_rut_retry_and_preparing.TestRetryBranches" name="test_retry_fresh_queued_returns_409" time="0.277" /><testcase classname="backend.tests.test_iteration6_rut_retry_and_preparing.TestRetryBranches" name="test_retry_stuck_queued_via_aging" time="1.401" /><testcase classname="backend.tests.test_iteration6_rut_retry_and_preparing.TestRetryBranches" name="test_retry_queued_with_rc_gt_zero" time="1.501" /><testcase classname="backend.tests.test_iteration6_rut_retry_and_preparing.TestRetryBranches" name="test_retry_running_returns_409" time="0.249" /><testcase classname="backend.tests.test_iteration6_rut_retry_and_preparing.TestRetryBranches" name="test_retry_failed_succeeds" time="0.377" /><testcase classname="backend.tests.test_iteration6_rut_retry_and_preparing.TestRetryBranches" name="test_retry_missing_link_returns_400" time="0.254" /><testcase classname="backend.tests.test_iteration6_rut_retry_and_preparing.TestRetryBranches" name="test_retry_non_resumable_returns_400" time="0.252" /><testcase classname="backend.tests.test_iteration6_rut_retry_and_preparing.TestAutoResumeTolerance" name="test_server_code_has_rc_lt_10" time="0.004" /><testcase classname="backend.tests.test_iteration6_rut_retry_and_preparing.TestAutoResumeTolerance" name="test_failure_message_mentions_attempts_and_retry" time="0.003" /><testcase classname="backend.tests.test_iteration6_rut_retry_and_preparing.TestOrphanReaperPreparing" name="test_orphan_query_includes_preparing" time="0.003" /><testcase classname="backend.tests.test_iteration6_rut_retry_and_preparing.TestLiveLogRunningFlag" name="test_live_log_includes_preparing" time="0.001" /><testcase classname="backend.tests.test_iteration6_rut_retry_and_preparing.TestLiveLogRunningFlag" name="test_live_log_endpoint_smoke" time="0.239" /><testcase classname="backend.tests.test_iteration6_rut_retry_and_preparing.TestRegressionSmoke" name="test_diagnostics_health" time="0.632" /><testcase classname="backend.tests.test_iteration6_rut_retry_and_preparing.TestRegressionSmoke" name="test_uploads_list_no_items" time="0.115" /><testcase classname="backend.tests.test_iteration6_rut_retry_and_preparing.TestRegressionSmoke" name="test_post_proxies_upload" time="0.110" /><testcase classname="backend.tests.test_iteration6_rut_retry_and_preparing.TestRegressionSmoke" name="test_post_uas_upload" time="0.278" /><testcase classname="backend.tests.test_iteration6_rut_retry_and_preparing.TestRegressionSmoke" name="test_jobs_list_shape" time="0.164" /><testcase classname="backend.tests.test_iteration6_rut_retry_and_preparing.TestRegressionSmoke" name="test_stop_and_delete_smoke" time="3.407" /></testsuite></testsuites>