<?xml version="1.0" encoding="utf-8"?><testsuites name="pytest tests"><testsuite name="pytest" errors="0" failures="0" skipped="0" tests="15" time="3.820" timestamp="2026-05-05T06:04:20.574631+00:00" hostname="agent-env-c9ac015e-d58d-4fef-b077-cb7227de2a33"><testcase classname="backend.tests.test_iteration3_backend_smoke.TestSanity" name="test_auth_me_without_token_is_401" time="0.264" /><testcase classname="backend.tests.test_iteration3_backend_smoke.TestAdminAuth" name="test_admin_login_success" time="0.050" /><testcase classname="backend.tests.test_iteration3_backend_smoke.TestAdminAuth" name="test_admin_login_wrong_password" time="0.043" /><testcase classname="backend.tests.test_iteration3_backend_smoke.TestUserAuth" name="test_register_creates_user" time="0.463" /><testcase classname="backend.tests.test_iteration3_backend_smoke.TestUserAuth" name="test_register_duplicate_email" time="0.047" /><testcase classname="backend.tests.test_iteration3_backend_smoke.TestUserAuth" name="test_login_success" time="0.271" /><testcase classname="backend.tests.test_iteration3_backend_smoke.TestUserAuth" name="test_login_wrong_password" time="0.266" /><testcase classname="backend.tests.test_iteration3_backend_smoke.TestAdminUserMgmt" name="test_admin_list_users_contains_new_user" time="0.048" /><testcase classname="backend.tests.test_iteration3_backend_smoke.TestAdminUserMgmt" name="test_admin_approve_user" time="0.122" /><testcase classname="backend.tests.test_iteration3_backend_smoke.TestAdminUserMgmt" name="test_admin_assign_features" time="0.052" /><testcase classname="backend.tests.test_iteration3_backend_smoke.TestProtectedEndpoints" name="test_links_endpoint_returns_list" time="0.318" /><testcase classname="backend.tests.test_iteration3_backend_smoke.TestProtectedEndpoints" name="test_uploads_endpoint_no_500" time="0.617" /><testcase classname="backend.tests.test_iteration3_backend_smoke.TestProtectedEndpoints" name="test_settings_endpoint_200" time="0.421" /><testcase classname="backend.tests.test_iteration3_backend_smoke.TestCPISmoke" name="test_cpi_dashboard_stats" time="0.320" /><testcase classname="backend.tests.test_iteration3_backend_smoke.TestCPISmoke" name="test_cpi_smartlinks_crud_smoke" time="0.437" /></testsuite></testsuites>