<?xml version="1.0" encoding="utf-8"?><testsuites name="pytest tests"><testsuite name="pytest" errors="0" failures="0" skipped="0" tests="26" time="5.404" timestamp="2026-05-05T07:52:23.564029+00:00" hostname="agent-env-c9ac015e-d58d-4fef-b077-cb7227de2a33"><testcase classname="backend.tests.test_iteration4_rut_async_submit.TestSetup" name="test_admin_login" time="0.365" /><testcase classname="backend.tests.test_iteration4_rut_async_submit.TestSetup" name="test_register_user" time="0.532" /><testcase classname="backend.tests.test_iteration4_rut_async_submit.TestSetup" name="test_approve_user_with_features" time="0.137" /><testcase classname="backend.tests.test_iteration4_rut_async_submit.TestSetup" name="test_user_login" time="0.365" /><testcase classname="backend.tests.test_iteration4_rut_async_submit.TestSetup" name="test_create_link" time="0.103" /><testcase classname="backend.tests.test_iteration4_rut_async_submit.TestJobsListRegression" name="test_get_jobs_returns_jobs_key" time="0.138" /><testcase classname="backend.tests.test_iteration4_rut_async_submit.TestFastSubmit" name="test_paste_mode_returns_within_3s" time="0.117" /><testcase classname="backend.tests.test_iteration4_rut_async_submit.TestFastSubmit" name="test_job_visible_in_list_within_2s" time="0.116" /><testcase classname="backend.tests.test_iteration4_rut_async_submit.TestFastSubmit" name="test_job_detail_status_queued_or_running" time="0.180" /><testcase classname="backend.tests.test_iteration4_rut_async_submit.TestBgFailurePath" name="test_bad_upload_proxy_id_returns_200_fast_then_fails" time="0.223" /><testcase classname="backend.tests.test_iteration4_rut_async_submit.TestValidations400" name="test_missing_proxies" time="0.111" /><testcase classname="backend.tests.test_iteration4_rut_async_submit.TestValidations400" name="test_missing_user_agents" time="0.095" /><testcase classname="backend.tests.test_iteration4_rut_async_submit.TestValidations400" name="test_form_fill_excel_no_file" time="0.101" /><testcase classname="backend.tests.test_iteration4_rut_async_submit.TestValidations400" name="test_form_fill_gsheet_empty_url" time="0.130" /><testcase classname="backend.tests.test_iteration4_rut_async_submit.TestValidations400" name="test_total_clicks_zero" time="0.099" /><testcase classname="backend.tests.test_iteration4_rut_async_submit.TestValidations400" name="test_concurrency_99" time="0.104" /><testcase classname="backend.tests.test_iteration4_rut_async_submit.TestValidations400" name="test_wrong_link_id_returns_404" time="0.098" /><testcase classname="backend.tests.test_iteration4_rut_async_submit.TestConcurrencyStress" name="test_5_parallel_submits" time="0.552" /><testcase classname="backend.tests.test_iteration4_rut_async_submit.TestConcurrencyStress" name="test_all_5_visible_in_list_within_2s" time="0.120" /><testcase classname="backend.tests.test_iteration4_rut_async_submit.TestStopRegression" name="test_stop_does_not_500" time="0.124" /><testcase classname="backend.tests.test_iteration4_rut_async_submit.TestDeleteRegression" name="test_delete_fast_job" time="0.168" /><testcase classname="backend.tests.test_iteration4_rut_async_submit.TestDeleteRegression" name="test_delete_bg_failed_job" time="0.120" /><testcase classname="backend.tests.test_iteration4_rut_async_submit.TestDeleteRegression" name="test_delete_stress_jobs" time="0.688" /><testcase classname="backend.tests.test_iteration4_rut_async_submit.TestEngineStatus" name="test_engine_status_200" time="0.193" /><testcase classname="backend.tests.test_iteration4_rut_async_submit.TestCleanup" name="test_delete_link" time="0.179" /><testcase classname="backend.tests.test_iteration4_rut_async_submit.TestCleanup" name="test_delete_user" time="0.152" /></testsuite></testsuites>