<?xml version="1.0" encoding="utf-8"?><testsuites name="pytest tests"><testsuite name="pytest" errors="0" failures="0" skipped="0" tests="14" time="4.539" timestamp="2026-05-05T18:07:06.628067+00:00" hostname="agent-env-c9ac015e-d58d-4fef-b077-cb7227de2a33"><testcase classname="backend.tests.test_iteration5_uploads_items_strip_and_autoresume.TestHealthAndAuth" name="test_diagnostics_health" time="0.662" /><testcase classname="backend.tests.test_iteration5_uploads_items_strip_and_autoresume.TestHealthAndAuth" name="test_login_user" time="0.000" /><testcase classname="backend.tests.test_iteration5_uploads_items_strip_and_autoresume.TestHealthAndAuth" name="test_auth_me" time="0.136" /><testcase classname="backend.tests.test_iteration5_uploads_items_strip_and_autoresume.TestHealthAndAuth" name="test_admin_login" time="0.145" /><testcase classname="backend.tests.test_iteration5_uploads_items_strip_and_autoresume.TestHealthAndAuth" name="test_admin_users_list" time="0.133" /><testcase classname="backend.tests.test_iteration5_uploads_items_strip_and_autoresume.TestUploadsItemsStrip" name="test_uploads_list_initial" time="0.085" /><testcase classname="backend.tests.test_iteration5_uploads_items_strip_and_autoresume.TestUploadsItemsStrip" name="test_create_proxies_upload_and_verify_stripped" time="0.158" /><testcase classname="backend.tests.test_iteration5_uploads_items_strip_and_autoresume.TestUploadsItemsStrip" name="test_create_user_agents_upload_and_verify_stripped" time="0.204" /><testcase classname="backend.tests.test_iteration5_uploads_items_strip_and_autoresume.TestUploadsItemsStrip" name="test_sync_gsheet_on_non_gsheet_upload_rejects" time="0.154" /><testcase classname="backend.tests.test_iteration5_uploads_items_strip_and_autoresume.TestUploadsItemsStrip" name="test_sync_gsheet_unknown_id" time="0.073" /><testcase classname="backend.tests.test_iteration5_uploads_items_strip_and_autoresume.TestRUTJobs" name="test_create_rut_job_fast_foreground" time="2.056" /><testcase classname="backend.tests.test_iteration5_uploads_items_strip_and_autoresume.TestRUTJobs" name="test_retry_missing_job_returns_404" time="0.103" /><testcase classname="backend.tests.test_iteration5_uploads_items_strip_and_autoresume.TestRUTJobs" name="test_rut_jobs_list_smoke" time="0.092" /><testcase classname="backend.tests.test_iteration5_uploads_items_strip_and_autoresume.TestRegressionSmoke" name="test_links_list" time="0.446" /></testsuite></testsuites>