<?xml version="1.0" encoding="utf-8"?><testsuites name="pytest tests"><testsuite name="pytest" errors="0" failures="0" skipped="0" tests="12" time="13.521" timestamp="2026-05-08T18:03:33.960218+00:00" hostname="agent-env-57822dc8-991b-4929-8747-8fbac8a91da1"><testcase classname="tests.test_iteration7_visual_recorder_async" name="test_health_mongo_and_playwright_ok" time="0.195" /><testcase classname="tests.test_iteration7_visual_recorder_async" name="test_start_returns_in_under_2s_with_state_starting" time="0.528" /><testcase classname="tests.test_iteration7_visual_recorder_async" name="test_state_transitions_to_ready_for_example_com" time="1.109" /><testcase classname="tests.test_iteration7_visual_recorder_async" name="test_screenshot_202_while_starting_then_200_when_ready" time="1.236" /><testcase classname="tests.test_iteration7_visual_recorder_async" name="test_bad_proxy_start_does_not_hang" time="8.771" /><testcase classname="tests.test_iteration7_visual_recorder_async" name="test_interaction_returns_409_while_starting" time="0.692" /><testcase classname="tests.test_iteration7_visual_recorder_async" name="test_delete_session_cancels_startup" time="0.684" /><testcase classname="tests.test_iteration7_visual_recorder_async" name="test_state_unknown_session_returns_404" time="0.068" /><testcase classname="tests.test_iteration7_visual_recorder_async" name="test_rut_jobs_list_loads_module_cleanly" time="0.062" /><testcase classname="tests.test_iteration7_visual_recorder_async" name="test_rut_live_steps_endpoint_does_not_500" time="0.069" /><testcase classname="tests.test_iteration7_visual_recorder_async" name="test_source_has_four_stage_labels" time="0.001" /><testcase classname="tests.test_iteration7_visual_recorder_async" name="test_source_has_vr_state_lifecycle" time="0.004" /></testsuite></testsuites>