<?xml version="1.0" encoding="utf-8"?><testsuites name="pytest tests"><testsuite name="pytest" errors="0" failures="0" skipped="0" tests="16" time="4.863" timestamp="2026-05-10T10:54:10.417096+00:00" hostname="agent-env-9275e61f-d549-475f-97c5-6414bd79bf56"><testcase classname="tests.test_iteration8_concurrency_and_consume" name="test_login_returns_token_and_user" time="0.545" /><testcase classname="tests.test_iteration8_concurrency_and_consume" name="test_dashboard_stats_shape" time="0.121" /><testcase classname="tests.test_iteration8_concurrency_and_consume" name="test_basic_list_endpoints[/api/links]" time="0.105" /><testcase classname="tests.test_iteration8_concurrency_and_consume" name="test_basic_list_endpoints[/api/clicks]" time="0.106" /><testcase classname="tests.test_iteration8_concurrency_and_consume" name="test_basic_list_endpoints[/api/conversions]" time="0.121" /><testcase classname="tests.test_iteration8_concurrency_and_consume" name="test_basic_list_endpoints[/api/proxies]" time="0.114" /><testcase classname="tests.test_iteration8_concurrency_and_consume" name="test_basic_list_endpoints[/api/uploads]" time="0.116" /><testcase classname="tests.test_iteration8_concurrency_and_consume" name="test_rut_jobs_list_loads" time="0.105" /><testcase classname="tests.test_iteration8_concurrency_and_consume" name="test_rut_engine_status" time="0.100" /><testcase classname="tests.test_iteration8_concurrency_and_consume" name="test_rut_concurrency_51_rejected" time="0.265" /><testcase classname="tests.test_iteration8_concurrency_and_consume" name="test_rut_concurrency_50_accepted" time="0.116" /><testcase classname="tests.test_iteration8_concurrency_and_consume" name="test_rut_concurrency_1_accepted" time="0.112" /><testcase classname="tests.test_iteration8_concurrency_and_consume" name="test_rut_concurrency_0_rejected" time="0.153" /><testcase classname="tests.test_iteration8_concurrency_and_consume" name="test_consume_uploads_removes_rows_and_marks_depleted" time="1.993" /><testcase classname="tests.test_iteration8_concurrency_and_consume" name="test_consume_uploads_partial_keeps_remaining_rows" time="0.548" /><testcase classname="tests.test_iteration8_concurrency_and_consume" name="test_frontend_login_returns_html" time="0.107" /></testsuite></testsuites>